TN:
SF:/Users/bjornsorensen/gitRepositories/eg/test-project/src/polyfills.ts
FNF:0
FNH:0
DA:44,1
DA:45,1
DA:56,1
LF:3
LH:3
BRF:0
BRH:0
end_of_record
TN:
SF:/Users/bjornsorensen/gitRepositories/eg/test-project/src/rxjs.operators.ts
FNF:0
FNH:0
DA:1,1
DA:2,1
DA:3,1
DA:4,1
DA:5,1
LF:5
LH:5
BRF:0
BRH:0
end_of_record
TN:
SF:/Users/bjornsorensen/gitRepositories/eg/test-project/src/test.ts
FN:21,(anonymous_0)
FNF:1
FNH:1
FNDA:1,(anonymous_0)
DA:1,1
DA:2,1
DA:3,1
DA:5,1
DA:6,1
DA:7,1
DA:8,1
DA:10,1
DA:11,1
DA:21,1
DA:24,1
DA:29,1
DA:31,1
DA:33,1
LF:14
LH:14
BRF:0
BRH:0
end_of_record
TN:
SF:/Users/bjornsorensen/gitRepositories/eg/test-project/src/app/app.component.ts
FN:8,(anonymous_0)
FN:8,AppComponent
FNF:2
FNH:2
FNDA:1,(anonymous_0)
FNDA:1,AppComponent
DA:1,1
DA:8,1
LF:2
LH:2
BRF:0
BRH:0
end_of_record
TN:
SF:/Users/bjornsorensen/gitRepositories/eg/test-project/src/app/company-information/company-information.component.ts
FN:28,(anonymous_0)
FN:32,CompanyInformationComponent
FN:37,(anonymous_2)
FN:51,(anonymous_3)
FN:58,(anonymous_4)
FN:62,(anonymous_5)
FNF:6
FNH:6
FNDA:1,(anonymous_0)
FNDA:22,CompanyInformationComponent
FNDA:21,(anonymous_2)
FNDA:135,(anonymous_3)
FNDA:15,(anonymous_4)
FNDA:21,(anonymous_5)
DA:1,1
DA:5,1
DA:13,1
DA:14,1
DA:28,1
DA:33,22
DA:34,22
DA:37,21
DA:38,21
DA:39,21
DA:40,1
DA:42,21
DA:44,21
DA:45,19
DA:48,21
DA:50,21
DA:52,135
DA:53,135
DA:54,135
DA:58,1
DA:59,15
DA:62,1
DA:63,21
DA:95,21
DA:97,1
LF:25
LH:25
BRDA:39,0,0,1
BRDA:39,0,1,20
BRDA:44,1,0,19
BRDA:44,1,1,2
BRDA:33,2,0,1
BRDA:33,2,1,0
BRDA:33,3,0,1
BRDA:33,4,0,1
BRDA:33,4,1,1
BRDA:33,4,2,0
BRDA:33,5,0,1
BRDA:33,5,1,1
BRF:12
BRH:10
end_of_record
TN:
SF:/Users/bjornsorensen/gitRepositories/eg/test-project/src/app/company-information/currency-dropdown/currency-dropdown.component.ts
FN:16,(anonymous_0)
FN:20,CurrencyDropdownComponent
FN:22,(anonymous_2)
FN:24,(anonymous_3)
FNF:4
FNH:4
FNDA:1,(anonymous_0)
FNDA:3,CurrencyDropdownComponent
FNDA:1,(anonymous_2)
FNDA:1,(anonymous_3)
DA:1,1
DA:5,1
DA:9,1
DA:16,1
DA:17,1
DA:18,1
DA:20,3
DA:22,3
DA:24,1
DA:25,1
DA:27,1
LF:11
LH:11
BRDA:17,0,0,1
BRDA:17,0,1,0
BRDA:17,1,0,1
BRDA:20,2,0,1
BRDA:20,2,1,0
BRDA:20,3,0,1
BRF:6
BRH:4
end_of_record
TN:
SF:/Users/bjornsorensen/gitRepositories/eg/test-project/src/app/company-information/cvr-dropdown/cvr-dropdown.component.ts
FN:18,(anonymous_0)
FN:22,CvrDropdownComponent
FN:44,(anonymous_2)
FN:24,(anonymous_3)
FNF:4
FNH:4
FNDA:1,(anonymous_0)
FNDA:3,CvrDropdownComponent
FNDA:1,(anonymous_2)
FNDA:1,(anonymous_3)
DA:1,1
DA:5,1
DA:10,1
DA:18,1
DA:19,1
DA:20,1
DA:22,3
DA:24,1
DA:25,1
DA:26,1
DA:27,1
DA:28,1
DA:29,1
DA:30,1
DA:31,1
DA:35,1
DA:39,1
DA:44,3
DA:45,1
DA:46,1
LF:20
LH:20
BRDA:19,0,0,1
BRDA:19,0,1,0
BRDA:19,1,0,1
BRDA:22,2,0,1
BRDA:22,2,1,0
BRDA:22,3,0,1
BRF:6
BRH:4
end_of_record
TN:
SF:/Users/bjornsorensen/gitRepositories/eg/test-project/src/app/company-information/data-preview/data-preview.component.ts
FN:23,(anonymous_0)
FN:23,DataPreviewComponent
FN:30,(anonymous_2)
FN:44,(anonymous_3)
FN:48,(anonymous_4)
FN:49,(anonymous_5)
FN:62,(anonymous_6)
FN:74,(anonymous_7)
FNF:8
FNH:8
FNDA:1,(anonymous_0)
FNDA:10,DataPreviewComponent
FNDA:10,(anonymous_2)
FNDA:2,(anonymous_3)
FNDA:4,(anonymous_4)
FNDA:4,(anonymous_5)
FNDA:1,(anonymous_6)
FNDA:4,(anonymous_7)
DA:1,1
DA:5,1
DA:23,1
DA:24,1
DA:30,1
DA:31,10
DA:33,10
DA:34,10
DA:36,10
DA:44,1
DA:45,2
DA:47,2
DA:48,4
DA:49,4
DA:52,2
DA:53,1
DA:56,1
DA:62,1
DA:63,1
DA:64,1
DA:74,1
DA:75,4
DA:76,4
DA:77,4
DA:79,1
LF:25
LH:25
BRDA:34,0,0,10
BRDA:34,0,1,9
BRDA:34,0,2,6
BRDA:48,1,0,4
BRDA:48,1,1,4
BRDA:48,1,2,2
BRDA:52,2,0,1
BRDA:52,2,1,1
BRDA:77,3,0,4
BRDA:77,3,1,3
BRDA:77,4,0,3
BRDA:77,4,1,2
BRDA:24,5,0,1
BRDA:24,5,1,0
BRDA:24,6,0,1
BRF:15
BRH:14
end_of_record
TN:
SF:/Users/bjornsorensen/gitRepositories/eg/test-project/src/app/company-information/data-preview/line/line.component.ts
FN:11,(anonymous_0)
FN:11,LineComponent
FNF:2
FNH:2
FNDA:1,(anonymous_0)
FNDA:1,LineComponent
DA:1,1
DA:11,1
DA:12,1
DA:13,1
LF:4
LH:4
BRF:0
BRH:0
end_of_record
TN:
SF:/Users/bjornsorensen/gitRepositories/eg/test-project/src/app/country-dropdown/country-dropdown.component.ts
FN:16,(anonymous_0)
FN:20,CountryDropdownComponent
FN:22,(anonymous_2)
FN:24,(anonymous_3)
FNF:4
FNH:4
FNDA:1,(anonymous_0)
FNDA:3,CountryDropdownComponent
FNDA:1,(anonymous_2)
FNDA:1,(anonymous_3)
DA:1,1
DA:5,1
DA:9,1
DA:16,1
DA:17,1
DA:18,1
DA:20,3
DA:22,3
DA:24,1
DA:25,1
DA:27,1
LF:11
LH:11
BRDA:17,0,0,1
BRDA:17,0,1,0
BRDA:17,1,0,1
BRDA:20,2,0,1
BRDA:20,2,1,0
BRDA:20,3,0,1
BRF:6
BRH:4
end_of_record
TN:
SF:/Users/bjornsorensen/gitRepositories/eg/test-project/src/app/done/done.component.ts
FN:15,(anonymous_0)
FN:18,DoneComponent
FN:20,(anonymous_2)
FN:23,(anonymous_3)
FN:27,(anonymous_4)
FNF:5
FNH:5
FNDA:1,(anonymous_0)
FNDA:3,DoneComponent
FNDA:5,(anonymous_2)
FNDA:1,(anonymous_3)
FNDA:1,(anonymous_4)
DA:1,1
DA:6,1
DA:7,1
DA:15,1
DA:18,3
DA:20,5
DA:21,5
DA:23,1
DA:27,1
DA:28,1
DA:29,1
DA:31,1
LF:12
LH:12
BRDA:18,0,0,1
BRDA:18,0,1,0
BRDA:18,1,0,1
BRDA:18,2,0,1
BRDA:18,2,1,1
BRDA:18,2,2,0
BRDA:18,3,0,1
BRDA:18,3,1,1
BRF:8
BRH:6
end_of_record
TN:
SF:/Users/bjornsorensen/gitRepositories/eg/test-project/src/app/language-dropdown/language-dropdown.component.ts
FN:20,(anonymous_0)
FN:26,LanguageDropdownComponent
FN:35,(anonymous_2)
FN:37,(anonymous_3)
FN:30,(anonymous_4)
FN:32,(anonymous_5)
FN:42,(anonymous_6)
FN:46,(anonymous_7)
FNF:8
FNH:8
FNDA:1,(anonymous_0)
FNDA:5,LanguageDropdownComponent
FNDA:2,(anonymous_2)
FNDA:4,(anonymous_3)
FNDA:3,(anonymous_4)
FNDA:2,(anonymous_5)
FNDA:1,(anonymous_6)
FNDA:2,(anonymous_7)
DA:1,1
DA:6,1
DA:7,1
DA:10,1
DA:13,1
DA:20,1
DA:21,1
DA:22,1
DA:26,5
DA:27,5
DA:30,3
DA:31,3
DA:32,2
DA:35,5
DA:36,2
DA:37,4
DA:39,2
DA:42,1
DA:43,1
DA:46,1
DA:47,2
DA:49,1
LF:22
LH:22
BRDA:37,0,0,4
BRDA:37,0,1,3
BRDA:21,1,0,1
BRDA:21,1,1,0
BRDA:21,2,0,1
BRDA:26,3,0,1
BRDA:26,3,1,0
BRDA:26,4,0,1
BRF:8
BRH:6
end_of_record
TN:
SF:/Users/bjornsorensen/gitRepositories/eg/test-project/src/app/map-preview/map-preview.component.ts
FN:15,(anonymous_0)
FN:15,MapPreviewComponent
FN:18,(anonymous_2)
FN:41,(anonymous_3)
FN:45,(anonymous_4)
FN:49,(anonymous_5)
FN:53,(anonymous_6)
FNF:7
FNH:7
FNDA:1,(anonymous_0)
FNDA:8,MapPreviewComponent
FNDA:22,(anonymous_2)
FNDA:17,(anonymous_3)
FNDA:58,(anonymous_4)
FNDA:22,(anonymous_5)
FNDA:44,(anonymous_6)
DA:1,1
DA:5,1
DA:7,1
DA:8,1
DA:15,1
DA:16,1
DA:18,1
DA:19,22
DA:20,22
DA:21,22
DA:22,22
DA:24,22
DA:25,22
DA:26,19
DA:27,19
DA:30,3
DA:31,3
DA:33,22
DA:34,22
DA:35,22
DA:36,22
DA:38,22
DA:41,1
DA:42,17
DA:45,1
DA:46,58
DA:49,1
DA:50,22
DA:53,1
DA:54,44
DA:59,1
LF:31
LH:31
BRDA:25,0,0,19
BRDA:25,0,1,3
BRDA:50,1,0,22
BRDA:50,1,1,22
BRDA:50,1,2,22
BRDA:50,1,3,22
BRDA:16,2,0,0
BRDA:16,2,1,1
BRDA:16,3,0,0
BRF:9
BRH:7
end_of_record
TN:
SF:/Users/bjornsorensen/gitRepositories/eg/test-project/src/app/password/password.component.ts
FN:28,(anonymous_0)
FN:31,PasswordComponent
FN:36,(anonymous_2)
FN:47,(anonymous_3)
FN:60,(anonymous_4)
FN:68,(anonymous_5)
FNF:6
FNH:6
FNDA:1,(anonymous_0)
FNDA:8,PasswordComponent
FNDA:7,(anonymous_2)
FNDA:17,(anonymous_3)
FNDA:5,(anonymous_4)
FNDA:24,(anonymous_5)
DA:1,1
DA:5,1
DA:12,1
DA:13,1
DA:28,1
DA:32,8
DA:33,8
DA:36,7
DA:37,7
DA:44,7
DA:46,7
DA:48,17
DA:49,10
DA:51,7
DA:52,7
DA:54,7
DA:55,7
DA:56,7
DA:60,1
DA:61,5
DA:68,1
DA:69,24
DA:70,24
DA:71,24
DA:75,1
LF:25
LH:25
BRDA:48,0,0,10
BRDA:48,0,1,7
BRDA:71,1,0,7
BRDA:71,1,1,17
BRDA:32,2,0,1
BRDA:32,2,1,0
BRDA:32,3,0,1
BRDA:32,4,0,1
BRDA:32,4,1,1
BRDA:32,4,2,0
BRDA:32,5,0,1
BRDA:32,5,1,1
BRF:12
BRH:10
end_of_record
TN:
SF:/Users/bjornsorensen/gitRepositories/eg/test-project/src/app/personal-information/personal-information.component.ts
FN:28,(anonymous_0)
FN:32,PersonalInformationComponent
FN:37,(anonymous_2)
FN:47,(anonymous_3)
FN:54,(anonymous_4)
FN:58,(anonymous_5)
FNF:6
FNH:6
FNDA:1,(anonymous_0)
FNDA:15,PersonalInformationComponent
FNDA:14,(anonymous_2)
FNDA:90,(anonymous_3)
FNDA:10,(anonymous_4)
FNDA:14,(anonymous_5)
DA:1,1
DA:5,1
DA:13,1
DA:14,1
DA:28,1
DA:33,15
DA:34,15
DA:37,14
DA:38,14
DA:39,14
DA:40,1
DA:42,14
DA:44,14
DA:46,14
DA:48,90
DA:49,90
DA:50,90
DA:54,1
DA:55,10
DA:58,1
DA:59,14
DA:87,14
DA:89,1
LF:23
LH:23
BRDA:39,0,0,1
BRDA:39,0,1,13
BRDA:33,1,0,1
BRDA:33,1,1,0
BRDA:33,2,0,1
BRDA:33,3,0,1
BRDA:33,3,1,1
BRDA:33,3,2,0
BRDA:33,4,0,1
BRDA:33,4,1,1
BRF:10
BRH:8
end_of_record
TN:
SF:/Users/bjornsorensen/gitRepositories/eg/test-project/src/app/personal-information/name-dropdown/name-dropdown.component.ts
FN:18,(anonymous_0)
FN:22,NameDropdownComponent
FN:42,(anonymous_2)
FN:24,(anonymous_3)
FNF:4
FNH:4
FNDA:1,(anonymous_0)
FNDA:3,NameDropdownComponent
FNDA:1,(anonymous_2)
FNDA:1,(anonymous_3)
DA:1,1
DA:5,1
DA:9,1
DA:18,1
DA:19,1
DA:20,1
DA:22,3
DA:24,1
DA:25,1
DA:26,1
DA:27,1
DA:28,1
DA:29,1
DA:30,1
DA:31,1
DA:32,1
DA:36,1
DA:42,3
DA:43,1
DA:44,1
LF:20
LH:20
BRDA:19,0,0,1
BRDA:19,0,1,0
BRDA:19,1,0,1
BRDA:22,2,0,1
BRDA:22,2,1,0
BRDA:22,3,0,1
BRF:6
BRH:4
end_of_record
TN:
SF:/Users/bjornsorensen/gitRepositories/eg/test-project/src/app/personal-information/personal-data-preview/personal-data-preview.component.ts
FN:21,(anonymous_0)
FN:21,PersonalDataPreviewComponent
FN:28,(anonymous_2)
FN:42,(anonymous_3)
FN:46,(anonymous_4)
FN:47,(anonymous_5)
FN:60,(anonymous_6)
FN:72,(anonymous_7)
FNF:8
FNH:8
FNDA:1,(anonymous_0)
FNDA:8,PersonalDataPreviewComponent
FNDA:4,(anonymous_2)
FNDA:2,(anonymous_3)
FNDA:4,(anonymous_4)
FNDA:4,(anonymous_5)
FNDA:1,(anonymous_6)
FNDA:2,(anonymous_7)
DA:1,1
DA:5,1
DA:21,1
DA:22,1
DA:28,1
DA:29,4
DA:31,4
DA:32,4
DA:34,4
DA:42,1
DA:43,2
DA:45,2
DA:46,4
DA:47,4
DA:50,2
DA:51,1
DA:54,1
DA:60,1
DA:61,1
DA:62,1
DA:72,1
DA:73,2
DA:74,2
DA:76,1
LF:24
LH:24
BRDA:32,0,0,4
BRDA:32,0,1,3
BRDA:32,0,2,2
BRDA:46,1,0,4
BRDA:46,1,1,4
BRDA:46,1,2,2
BRDA:50,2,0,1
BRDA:50,2,1,1
BRDA:22,3,0,1
BRDA:22,3,1,0
BRDA:22,4,0,1
BRF:11
BRH:10
end_of_record
TN:
SF:/Users/bjornsorensen/gitRepositories/eg/test-project/src/app/query-dropdown/query-dropdown.component.ts
FN:24,(anonymous_0)
FN:19,QueryDropdownComponent
FN:45,(anonymous_2)
FN:49,(anonymous_3)
FN:50,(anonymous_4)
FN:52,(anonymous_5)
FNF:6
FNH:6
FNDA:1,(anonymous_0)
FNDA:8,QueryDropdownComponent
FNDA:11,(anonymous_2)
FNDA:3,(anonymous_3)
FNDA:2,(anonymous_4)
FNDA:4,(anonymous_5)
DA:1,1
DA:8,1
DA:12,1
DA:13,1
DA:14,1
DA:15,1
DA:17,1
DA:19,8
DA:24,1
DA:28,1
DA:29,1
DA:30,1
DA:31,1
DA:32,1
DA:33,1
DA:34,1
DA:35,1
DA:36,1
DA:38,8
DA:45,8
DA:46,11
DA:49,3
DA:50,2
DA:52,1
DA:53,4
DA:55,4
DA:56,2
DA:59,4
DA:61,1
LF:29
LH:29
BRDA:55,0,0,2
BRDA:55,0,1,2
BRDA:28,1,0,0
BRDA:28,1,1,1
BRDA:28,2,0,0
BRDA:30,3,0,1
BRDA:30,3,1,0
BRDA:30,4,0,1
BRDA:31,5,0,1
BRDA:31,5,1,0
BRDA:31,6,0,1
BRF:11
BRH:7
end_of_record
TN:
SF:/Users/bjornsorensen/gitRepositories/eg/test-project/src/app/shared/base.service.ts
FN:7,(anonymous_0)
FN:7,BaseService
FN:12,(anonymous_2)
FN:21,(anonymous_3)
FNF:4
FNH:4
FNDA:1,(anonymous_0)
FNDA:32,BaseService
FNDA:10,(anonymous_2)
FNDA:12,(anonymous_3)
DA:1,1
DA:2,1
DA:4,1
DA:7,1
DA:12,1
DA:13,10
DA:14,10
DA:21,1
DA:23,12
DA:24,2
DA:25,2
DA:26,2
DA:28,10
DA:31,12
DA:32,12
DA:34,1
LF:16
LH:16
BRDA:14,0,0,10
BRDA:14,0,1,1
BRDA:23,1,0,2
BRDA:23,1,1,10
BRDA:25,2,0,2
BRDA:25,2,1,1
BRDA:26,3,0,2
BRDA:26,3,1,2
BRDA:28,4,0,10
BRDA:28,4,1,8
BRF:10
BRH:10
end_of_record
TN:
SF:/Users/bjornsorensen/gitRepositories/eg/test-project/src/app/shared/cache.service.ts
FN:9,(anonymous_0)
FN:12,CacheService
FN:20,(anonymous_2)
FN:27,(anonymous_3)
FN:34,(anonymous_4)
FN:38,(anonymous_5)
FNF:6
FNH:6
FNDA:1,(anonymous_0)
FNDA:5,CacheService
FNDA:1,(anonymous_2)
FNDA:3,(anonymous_3)
FNDA:2,(anonymous_4)
FNDA:3,(anonymous_5)
DA:1,1
DA:4,1
DA:6,1
DA:9,1
DA:13,5
DA:20,1
DA:21,1
DA:27,1
DA:28,3
DA:34,1
DA:35,2
DA:38,1
DA:39,3
DA:40,3
DA:41,1
DA:44,2
DA:45,2
DA:46,2
DA:48,1
DA:51,2
DA:53,1
LF:21
LH:21
BRDA:40,0,0,1
BRDA:40,0,1,2
BRDA:12,1,0,1
BRDA:12,1,1,0
BRDA:12,2,0,1
BRF:5
BRH:4
end_of_record
TN:
SF:/Users/bjornsorensen/gitRepositories/eg/test-project/src/app/shared/data-helper.service.ts
FN:19,(anonymous_0)
FN:22,DataHelperService
FN:30,(anonymous_2)
FN:38,(anonymous_3)
FN:49,(anonymous_4)
FN:60,(anonymous_5)
FN:75,(anonymous_6)
FN:91,(anonymous_7)
FN:94,(anonymous_8)
FN:101,(anonymous_9)
FN:104,(anonymous_10)
FNF:11
FNH:11
FNDA:1,(anonymous_0)
FNDA:22,DataHelperService
FNDA:3,(anonymous_2)
FNDA:3,(anonymous_3)
FNDA:3,(anonymous_4)
FNDA:5,(anonymous_5)
FNDA:5,(anonymous_6)
FNDA:15,(anonymous_7)
FNDA:5,(anonymous_8)
FNDA:3,(anonymous_9)
FNDA:1,(anonymous_10)
DA:1,1
DA:2,1
DA:7,1
DA:9,1
DA:10,1
DA:19,1
DA:22,22
DA:23,22
DA:24,22
DA:30,1
DA:31,3
DA:38,1
DA:39,3
DA:40,3
DA:42,3
DA:49,1
DA:50,3
DA:51,3
DA:53,3
DA:60,1
DA:61,5
DA:62,2
DA:65,3
DA:66,3
DA:68,3
DA:75,1
DA:76,5
DA:77,2
DA:80,3
DA:81,3
DA:83,3
DA:91,15
DA:92,15
DA:94,5
DA:101,3
DA:102,3
DA:104,1
DA:107,1
LF:38
LH:38
BRDA:23,0,0,22
BRDA:23,0,1,22
BRDA:61,1,0,2
BRDA:61,1,1,3
BRDA:76,2,0,2
BRDA:76,2,1,3
BRDA:22,3,0,1
BRDA:22,3,1,0
BRDA:22,4,0,1
BRF:9
BRH:8
end_of_record
TN:
SF:/Users/bjornsorensen/gitRepositories/eg/test-project/src/app/shared/has-required-data-guard.service.ts
FN:25,(anonymous_0)
FN:26,HasRequiredDataGuardService
FN:28,(anonymous_2)
FNF:3
FNH:3
FNDA:1,(anonymous_0)
FNDA:23,HasRequiredDataGuardService
FNDA:23,(anonymous_2)
DA:1,1
DA:2,1
DA:8,1
DA:14,1
DA:25,1
DA:26,23
DA:28,1
DA:29,23
DA:30,1
DA:33,22
DA:34,22
DA:35,49
DA:36,49
DA:37,16
DA:38,16
DA:41,6
DA:43,1
LF:17
LH:17
BRDA:29,0,0,1
BRDA:29,0,1,22
BRDA:29,1,0,23
BRDA:29,1,1,23
BRDA:36,2,0,16
BRDA:36,2,1,33
BRDA:26,3,0,1
BRDA:26,3,1,0
BRDA:26,4,0,1
BRDA:26,5,0,1
BRDA:26,5,1,1
BRDA:26,5,2,0
BRDA:26,6,0,1
BRDA:26,6,1,1
BRF:14
BRH:12
end_of_record
TN:
SF:/Users/bjornsorensen/gitRepositories/eg/test-project/src/app/shared/state.service.ts
FN:8,(anonymous_0)
FN:11,StateService
FN:17,(anonymous_2)
FN:21,(anonymous_3)
FN:29,(anonymous_4)
FNF:5
FNH:5
FNDA:1,(anonymous_0)
FNDA:4,StateService
FNDA:2,(anonymous_2)
FNDA:3,(anonymous_3)
FNDA:4,(anonymous_4)
DA:1,1
DA:4,1
DA:8,1
DA:11,4
DA:12,4
DA:14,4
DA:17,1
DA:18,2
DA:21,1
DA:22,3
DA:24,3
DA:25,3
DA:26,3
DA:29,1
DA:30,4
DA:31,4
DA:33,1
LF:17
LH:17
BRDA:11,0,0,1
BRDA:11,0,1,0
BRDA:11,1,0,1
BRF:3
BRH:2
end_of_record
TN:
SF:/Users/bjornsorensen/gitRepositories/eg/test-project/src/app/shared/window-ref.service.ts
FN:3,_window
FN:8,(anonymous_1)
FN:8,WindowRefService
FN:9,(anonymous_3)
FNF:4
FNH:4
FNDA:1,_window
FNDA:1,(anonymous_1)
FNDA:1,WindowRefService
FNDA:1,(anonymous_3)
DA:1,1
DA:3,1
DA:4,1
DA:8,1
DA:9,1
DA:10,1
DA:12,1
LF:7
LH:7
BRF:0
BRH:0
end_of_record
TN:
SF:/Users/bjornsorensen/gitRepositories/eg/test-project/src/app/shared/onboarding/onboarding-dto.ts
FN:36,(anonymous_0)
FN:42,OnboardingDto
FNF:2
FNH:2
FNDA:1,(anonymous_0)
FNDA:3,OnboardingDto
DA:36,1
DA:43,3
DA:45,3
DA:60,3
DA:75,3
DA:84,1
LF:6
LH:6
BRF:0
BRH:0
end_of_record
TN:
SF:/Users/bjornsorensen/gitRepositories/eg/test-project/src/app/shared/onboarding/onboarding.service.ts
FN:11,(anonymous_0)
FN:14,OnboardingService
FN:19,(anonymous_2)
FN:23,(anonymous_3)
FNF:4
FNH:4
FNDA:1,(anonymous_0)
FNDA:3,OnboardingService
FNDA:3,(anonymous_2)
FNDA:2,(anonymous_3)
DA:1,1
DA:2,1
DA:5,1
DA:6,1
DA:8,1
DA:11,1
DA:14,3
DA:15,3
DA:16,3
DA:19,3
DA:20,3
DA:21,3
DA:23,2
DA:26,1
LF:14
LH:14
BRDA:15,0,0,3
BRDA:15,0,1,3
BRDA:14,1,0,1
BRDA:14,1,1,0
BRDA:14,2,0,1
BRF:5
BRH:4
end_of_record
TN:
SF:/Users/bjornsorensen/gitRepositories/eg/test-project/src/app/step-navigation/step-flow.service.ts
FN:7,(anonymous_0)
FN:10,StepFlowService
FN:12,(anonymous_2)
FN:13,(anonymous_3)
FN:14,(anonymous_4)
FNF:5
FNH:5
FNDA:1,(anonymous_0)
FNDA:2,StepFlowService
FNDA:6,(anonymous_2)
FNDA:4,(anonymous_3)
FNDA:2,(anonymous_4)
DA:1,1
DA:2,1
DA:4,1
DA:7,1
DA:11,2
DA:12,6
DA:13,4
DA:14,2
DA:16,1
LF:9
LH:9
BRDA:12,0,0,6
BRDA:12,0,1,6
BRDA:10,1,0,1
BRDA:10,1,1,0
BRDA:10,2,0,1
BRF:5
BRH:4
end_of_record
TN:
SF:/Users/bjornsorensen/gitRepositories/eg/test-project/src/app/step-navigation/step-navigation.component.ts
FN:26,(anonymous_0)
FN:37,StepNavigationComponent
FN:49,(anonymous_2)
FN:51,(anonymous_3)
FN:55,(anonymous_4)
FN:56,(anonymous_5)
FN:62,(anonymous_6)
FN:69,(anonymous_7)
FN:76,(anonymous_8)
FN:98,(anonymous_9)
FN:110,(anonymous_10)
FN:117,(anonymous_11)
FN:124,(anonymous_12)
FN:128,(anonymous_13)
FN:132,(anonymous_14)
FN:142,(anonymous_15)
FN:143,(anonymous_16)
FNF:17
FNH:17
FNDA:1,(anonymous_0)
FNDA:23,StepNavigationComponent
FNDA:23,(anonymous_2)
FNDA:6,(anonymous_3)
FNDA:23,(anonymous_4)
FNDA:23,(anonymous_5)
FNDA:48,(anonymous_6)
FNDA:49,(anonymous_7)
FNDA:3,(anonymous_8)
FNDA:2,(anonymous_9)
FNDA:50,(anonymous_10)
FNDA:51,(anonymous_11)
FNDA:51,(anonymous_12)
FNDA:99,(anonymous_13)
FNDA:6,(anonymous_14)
FNDA:8,(anonymous_15)
FNDA:9,(anonymous_16)
DA:1,1
DA:7,1
DA:8,1
DA:16,1
DA:17,1
DA:18,1
DA:26,1
DA:27,1
DA:28,1
DA:29,1
DA:30,1
DA:39,23
DA:40,23
DA:41,23
DA:43,23
DA:44,23
DA:45,23
DA:46,23
DA:49,23
DA:50,23
DA:51,6
DA:52,23
DA:55,1
DA:56,23
DA:62,1
DA:63,48
DA:69,1
DA:70,49
DA:76,1
DA:77,3
DA:78,1
DA:80,2
DA:81,2
DA:84,2
DA:85,1
DA:86,1
DA:92,2
DA:98,1
DA:99,2
DA:100,1
DA:102,1
DA:103,1
DA:110,1
DA:111,50
DA:117,1
DA:118,51
DA:124,1
DA:125,51
DA:128,1
DA:129,99
DA:132,1
DA:133,6
DA:134,1
DA:137,5
DA:138,5
DA:139,1
DA:142,8
DA:143,9
DA:145,4
DA:146,3
DA:148,4
DA:150,1
LF:62
LH:62
BRDA:70,0,0,49
BRDA:70,0,1,1
BRDA:77,1,0,1
BRDA:77,1,1,2
BRDA:77,2,0,3
BRDA:77,2,1,1
BRDA:84,3,0,1
BRDA:84,3,1,1
BRDA:99,4,0,1
BRDA:99,4,1,1
BRDA:111,5,0,50
BRDA:111,5,1,2
BRDA:133,6,0,1
BRDA:133,6,1,5
BRDA:137,7,0,5
BRDA:137,7,1,2
BRDA:138,8,0,1
BRDA:138,8,1,4
BRDA:145,9,0,3
BRDA:145,9,1,1
BRDA:29,10,0,0
BRDA:29,10,1,1
BRDA:29,11,0,0
BRDA:38,12,0,1
BRDA:38,12,1,0
BRDA:38,13,0,1
BRDA:38,14,0,1
BRDA:38,14,1,1
BRDA:38,14,2,0
BRDA:38,15,0,1
BRDA:38,15,1,1
BRDA:39,16,0,1
BRDA:39,16,1,1
BRDA:39,16,2,0
BRDA:39,17,0,1
BRDA:39,17,1,1
BRDA:40,18,0,1
BRDA:40,18,1,1
BRDA:40,18,2,0
BRDA:40,19,0,1
BRDA:40,19,1,1
BRF:41
BRH:35
end_of_record
TN:
SF:/Users/bjornsorensen/gitRepositories/eg/test-project/src/app/step-navigation/step.model.ts
FN:1,(anonymous_0)
FN:2,StepModel
FNF:2
FNH:2
FNDA:1,(anonymous_0)
FNDA:4,StepModel
DA:1,1
DA:2,4
DA:3,1
LF:3
LH:3
BRF:0
BRH:0
end_of_record
TN:
SF:/Users/bjornsorensen/gitRepositories/eg/test-project/src/app/terms/terms.component.ts
FN:14,(anonymous_0)
FN:17,TermsComponent
FN:19,(anonymous_2)
FN:21,(anonymous_3)
FNF:4
FNH:4
FNDA:1,(anonymous_0)
FNDA:3,TermsComponent
FNDA:3,(anonymous_2)
FNDA:1,(anonymous_3)
DA:1,1
DA:2,1
DA:14,1
DA:17,3
DA:19,3
DA:20,3
DA:21,1
DA:25,1
LF:8
LH:8
BRDA:17,0,0,1
BRDA:17,0,1,0
BRDA:17,1,0,1
BRF:3
BRH:2
end_of_record
TN:
SF:/Users/bjornsorensen/gitRepositories/eg/test-project/src/app/user-info/user-info.component.ts
FN:26,(anonymous_0)
FN:33,UserInfoComponent
FN:39,(anonymous_2)
FN:47,(anonymous_3)
FN:53,(anonymous_4)
FN:54,(anonymous_5)
FN:57,(anonymous_6)
FNF:7
FNH:7
FNDA:1,(anonymous_0)
FNDA:5,UserInfoComponent
FNDA:3,(anonymous_2)
FNDA:1,(anonymous_3)
FNDA:5,(anonymous_4)
FNDA:3,(anonymous_5)
FNDA:1,(anonymous_6)
DA:1,1
DA:6,1
DA:14,1
DA:17,1
DA:18,1
DA:19,1
DA:26,1
DA:33,5
DA:34,5
DA:35,5
DA:36,5
DA:39,3
DA:40,3
DA:44,3
DA:48,1
DA:49,1
DA:53,1
DA:54,5
DA:57,1
DA:58,1
DA:59,1
DA:60,1
DA:62,1
LF:23
LH:23
BRDA:33,0,0,1
BRDA:33,0,1,0
BRDA:33,1,0,1
BRDA:33,2,0,1
BRDA:33,2,1,1
BRDA:33,2,2,0
BRDA:33,3,0,1
BRDA:33,3,1,1
BRDA:33,4,0,1
BRDA:33,4,1,1
BRDA:33,4,2,0
BRDA:33,5,0,1
BRDA:33,5,1,1
BRF:13
BRH:10
end_of_record
TN:
SF:/Users/bjornsorensen/gitRepositories/eg/test-project/src/app/users/users.component.ts
FN:28,(anonymous_0)
FN:32,UsersComponent
FN:37,(anonymous_2)
FN:47,(anonymous_3)
FN:54,(anonymous_4)
FN:58,(anonymous_5)
FNF:6
FNH:6
FNDA:1,(anonymous_0)
FNDA:11,UsersComponent
FNDA:10,(anonymous_2)
FNDA:30,(anonymous_3)
FNDA:6,(anonymous_4)
FNDA:10,(anonymous_5)
DA:1,1
DA:5,1
DA:12,1
DA:14,1
DA:28,1
DA:33,11
DA:34,11
DA:37,10
DA:38,10
DA:39,10
DA:40,1
DA:43,10
DA:45,10
DA:46,10
DA:48,30
DA:49,30
DA:50,30
DA:54,1
DA:55,6
DA:58,1
DA:59,10
DA:74,10
DA:76,1
LF:23
LH:23
BRDA:39,0,0,1
BRDA:39,0,1,9
BRDA:33,1,0,1
BRDA:33,1,1,0
BRDA:33,2,0,1
BRDA:33,3,0,1
BRDA:33,3,1,1
BRDA:33,3,2,0
BRDA:33,4,0,1
BRDA:33,4,1,1
BRF:10
BRH:8
end_of_record
TN:
SF:/Users/bjornsorensen/gitRepositories/eg/test-project/src/app/users/role-dropdown/role-dropdown.component.ts
FN:21,(anonymous_0)
FN:30,RoleDropdownComponent
FN:32,(anonymous_2)
FN:34,(anonymous_3)
FN:37,(anonymous_4)
FN:38,(anonymous_5)
FN:42,(anonymous_6)
FN:44,(anonymous_7)
FN:48,(anonymous_8)
FN:52,(anonymous_9)
FNF:10
FNH:10
FNDA:1,(anonymous_0)
FNDA:5,RoleDropdownComponent
FNDA:4,(anonymous_2)
FNDA:4,(anonymous_3)
FNDA:1,(anonymous_4)
FNDA:1,(anonymous_5)
FNDA:4,(anonymous_6)
FNDA:2,(anonymous_7)
FNDA:4,(anonymous_8)
FNDA:1,(anonymous_9)
DA:1,1
DA:7,1
DA:8,1
DA:13,1
DA:21,1
DA:22,1
DA:23,1
DA:25,1
DA:30,5
DA:32,4
DA:33,4
DA:34,4
DA:37,1
DA:38,1
DA:39,1
DA:42,1
DA:43,4
DA:44,4
DA:45,4
DA:48,4
DA:49,4
DA:51,4
DA:52,1
DA:55,1
LF:24
LH:24
BRDA:51,0,0,1
BRDA:51,0,1,3
BRDA:22,1,0,1
BRDA:22,1,1,0
BRDA:22,2,0,1
BRDA:25,3,0,1
BRDA:25,3,1,0
BRDA:25,4,0,1
BRDA:30,5,0,1
BRDA:30,5,1,0
BRDA:30,6,0,1
BRF:11
BRH:8
end_of_record
TN:
SF:/Users/bjornsorensen/gitRepositories/eg/test-project/src/app/validation/custom-validators.ts
FN:10,(anonymous_0)
FN:11,(anonymous_2)
FN:19,(anonymous_3)
FN:43,(anonymous_4)
FN:44,(anonymous_5)
FN:61,(anonymous_6)
FN:70,(anonymous_7)
FN:71,(anonymous_8)
FNF:8
FNH:8
FNDA:1,(anonymous_0)
FNDA:32,(anonymous_2)
FNDA:27,(anonymous_3)
FNDA:73,(anonymous_4)
FNDA:135,(anonymous_5)
FNDA:134,(anonymous_6)
FNDA:3,(anonymous_7)
FNDA:5,(anonymous_8)
DA:6,1
DA:8,1
DA:10,1
DA:11,1
DA:12,32
DA:19,1
DA:20,27
DA:22,27
DA:23,27
DA:24,27
DA:25,27
DA:26,27
DA:28,27
DA:29,27
DA:43,1
DA:44,73
DA:45,135
DA:46,135
DA:47,74
DA:50,61
DA:52,61
DA:61,1
DA:62,134
DA:63,134
DA:70,4
DA:71,3
DA:72,5
DA:73,5
DA:74,5
DA:75,5
DA:80,1
LF:31
LH:31
BRDA:12,0,0,18
BRDA:12,0,1,14
BRDA:26,1,0,18
BRDA:26,1,1,9
BRDA:28,2,0,27
BRDA:28,2,1,10
BRDA:28,2,2,9
BRDA:28,2,3,9
BRDA:29,3,0,8
BRDA:29,3,1,19
BRDA:46,4,0,74
BRDA:46,4,1,61
BRDA:46,5,0,135
BRDA:46,5,1,132
BRDA:52,6,0,51
BRDA:52,6,1,10
BRDA:63,7,0,130
BRDA:63,7,1,4
BRDA:63,8,0,134
BRDA:63,8,1,61
BRDA:63,8,2,61
BRDA:70,9,0,1
BRDA:70,9,1,2
BRDA:70,10,0,1
BRDA:70,10,1,2
BRDA:73,11,0,4
BRDA:73,11,1,1
BRDA:74,12,0,5
BRDA:74,12,1,3
BRDA:75,13,0,2
BRDA:75,13,1,3
BRF:31
BRH:31
end_of_record
TN:
SF:/Users/bjornsorensen/gitRepositories/eg/test-project/src/app/validation/validation.component.ts
FN:22,format
FN:35,(anonymous_1)
FN:35,ValidationComponent
FN:42,(anonymous_3)
FN:49,(anonymous_4)
FN:51,(anonymous_5)
FNF:6
FNH:6
FNDA:4,format
FNDA:1,(anonymous_1)
FNDA:11,ValidationComponent
FNDA:24,(anonymous_3)
FNDA:8,(anonymous_4)
FNDA:14,(anonymous_5)
DA:1,1
DA:5,1
DA:11,1
DA:23,6
DA:24,6
DA:25,6
DA:27,4
DA:35,1
DA:37,1
DA:40,1
DA:42,1
DA:43,24
DA:44,1
DA:46,23
DA:49,8
DA:50,8
DA:52,14
DA:53,14
DA:54,14
DA:56,8
DA:57,7
DA:58,7
DA:60,8
DA:62,1
LF:24
LH:24
BRDA:43,0,0,1
BRDA:43,0,1,23
BRDA:54,1,0,4
BRDA:54,1,1,10
BRDA:56,2,0,7
BRDA:56,2,1,1
BRDA:37,3,0,1
BRDA:37,3,1,0
BRDA:37,4,0,1
BRF:9
BRH:8
end_of_record
TN:
SF:/Users/bjornsorensen/gitRepositories/eg/test-project/src/app/welcome/welcome.component.ts
FN:15,(anonymous_0)
FN:18,WelcomeComponent
FN:23,(anonymous_2)
FN:27,(anonymous_3)
FN:30,(anonymous_4)
FN:39,(anonymous_5)
FN:47,(anonymous_6)
FNF:7
FNH:7
FNDA:1,(anonymous_0)
FNDA:7,WelcomeComponent
FNDA:13,(anonymous_2)
FNDA:6,(anonymous_3)
FNDA:6,(anonymous_4)
FNDA:6,(anonymous_5)
FNDA:6,(anonymous_6)
DA:1,1
DA:5,1
DA:7,1
DA:8,1
DA:15,1
DA:19,7
DA:20,7
DA:23,13
DA:24,13
DA:26,13
DA:27,6
DA:30,1
DA:31,6
DA:32,2
DA:33,2
DA:35,4
DA:39,1
DA:40,6
DA:41,2
DA:42,2
DA:44,4
DA:47,1
DA:48,6
DA:49,6
DA:50,6
DA:52,1
LF:26
LH:26
BRDA:31,0,0,2
BRDA:31,0,1,4
BRDA:40,1,0,2
BRDA:40,1,1,4
BRDA:40,2,0,6
BRDA:40,2,1,4
BRDA:19,3,0,1
BRDA:19,3,1,0
BRDA:19,4,0,1
BRDA:19,5,0,1
BRDA:19,5,1,1
BRDA:19,5,2,0
BRDA:19,6,0,1
BRDA:19,6,1,1
BRF:14
BRH:12
end_of_record
TN:
SF:/Users/bjornsorensen/gitRepositories/eg/test-project/src/environments/environment.ts
FNF:0
FNH:0
DA:6,1
LF:1
LH:1
BRF:0
BRH:0
end_of_record
